#
# There is insufficient memory for the Java Runtime Environment to continue.
# Native memory allocation (malloc) failed to allocate 1484336 bytes. Error detail: Chunk::new
# Possible reasons:
#   The system is out of physical RAM or swap space
#   This process is running with CompressedOops enabled, and the Java Heap may be blocking the growth of the native heap
# Possible solutions:
#   Reduce memory load on the system
#   Increase physical memory or swap space
#   Check if swap backing store is full
#   Decrease Java heap size (-Xmx/-Xms)
#   Decrease number of Java threads
#   Decrease Java thread stack sizes (-Xss)
#   Set larger code cache with -XX:ReservedCodeCacheSize=
#   JVM is running with Unscaled Compressed Oops mode in which the Java heap is
#     placed in the first 4GB address space. The Java Heap base address is the
#     maximum limit for the native heap growth. Please use -XX:HeapBaseMinAddress
#     to set the Java Heap base and to place the Java Heap above 4GB virtual address.
# This output file may be truncated or incomplete.
#
#  Out of Memory Error (arena.cpp:168), pid=14160, tid=12020
#
# JRE version: OpenJDK Runtime Environment Temurin-21.0.10+7 (21.0.10+7) (build 21.0.10+7-LTS)
# Java VM: OpenJDK 64-Bit Server VM Temurin-21.0.10+7 (21.0.10+7-LTS, mixed mode, sharing, tiered, compressed oops, compressed class ptrs, parallel gc, windows-amd64)
# No core dump will be written. Minidumps are not enabled by default on client versions of Windows
#

---------------  S U M M A R Y ------------

Command Line: --add-modules=ALL-SYSTEM --add-opens=java.base/java.util=ALL-UNNAMED --add-opens=java.base/java.lang=ALL-UNNAMED --add-opens=java.base/sun.nio.fs=ALL-UNNAMED -Declipse.application=org.eclipse.jdt.ls.core.id1 -Dosgi.bundles.defaultStartLevel=4 -Declipse.product=org.eclipse.jdt.ls.core.product -Djava.import.generatesMetadataFilesAtProjectRoot=false -DDetectVMInstallationsJob.disabled=true -Dfile.encoding=utf8 -XX:+UseParallelGC -XX:GCTimeRatio=4 -XX:AdaptiveSizePolicyWeight=90 -Dsun.zip.disableMemoryMapping=true -Xmx2G -Xms100m -Xlog:disable -javaagent:c:\Users\andre\.vscode\extensions\redhat.java-1.53.0-win32-x64\lombok\lombok-1.18.39-4050.jar -XX:+HeapDumpOnOutOfMemoryError -XX:HeapDumpPath=c:\Users\andre\AppData\Roaming\Code\User\workspaceStorage\359791db15d881bc5bf71c006a5bff27\redhat.java -Daether.dependencyCollector.impl=bf c:\Users\andre\.vscode\extensions\redhat.java-1.53.0-win32-x64\server\plugins\org.eclipse.equinox.launcher_1.7.100.v20251111-0406.jar -configuration c:\Users\andre\AppData\Roaming\Code\User\globalStorage\redhat.java\1.53.0\config_win -data c:\Users\andre\AppData\Roaming\Code\User\workspaceStorage\359791db15d881bc5bf71c006a5bff27\redhat.java\jdt_ws --pipe=\\.\pipe\lsp-6cf5155e629fa7f0f738e95c81737c4c-sock

Host: 12th Gen Intel(R) Core(TM) i5-1235U, 12 cores, 7G,  Windows 11 , 64 bit Build 26100 (10.0.26100.7920)
Time: Fri Mar 27 01:04:29 2026 Hora oficial do Brasil elapsed time: 15.598482 seconds (0d 0h 0m 15s)

---------------  T H R E A D  ---------------

Current thread (0x000002c984f1aec0):  JavaThread "C2 CompilerThread0" daemon [_thread_in_native, id=12020, stack(0x000000ebeb500000,0x000000ebeb600000) (1024K)]


Current CompileTask:
C2:15598 6019       4       java.lang.invoke.MethodType::makeImpl (109 bytes)

Stack: [0x000000ebeb500000,0x000000ebeb600000]
Native frames: (J=compiled Java code, j=interpreted, Vv=VM code, C=native code)
V  [jvm.dll+0x6d7a39]
V  [jvm.dll+0x8b4b26]
V  [jvm.dll+0x8b70de]
V  [jvm.dll+0x8b77c3]
V  [jvm.dll+0x284346]
V  [jvm.dll+0xc66ed]
V  [jvm.dll+0xc6c31]
V  [jvm.dll+0x3bec01]
V  [jvm.dll+0x38b162]
V  [jvm.dll+0x38a5aa]
V  [jvm.dll+0x24c560]
V  [jvm.dll+0x24bb40]
V  [jvm.dll+0x1cb34e]
V  [jvm.dll+0x25b85d]
V  [jvm.dll+0x259dea]
V  [jvm.dll+0x3f857e]
V  [jvm.dll+0x85f59d]
V  [jvm.dll+0x6d626d]
C  [ucrtbase.dll+0x37b0]
C  [KERNEL32.DLL+0x2e8d7]
C  [ntdll.dll+0x8c48c]


---------------  P R O C E S S  ---------------

Threads class SMR info:
_java_thread_list=0x000002c9e4684fe0, length=54, elements={
0x000002c982bab580, 0x000002c984f053c0, 0x000002c99b90b4e0, 0x000002c984f05fd0,
0x000002c984f11bd0, 0x000002c9ddd02220, 0x000002c984f15ae0, 0x000002c984f1aec0,
0x000002c984f1e640, 0x000002c9ddef0450, 0x000002c9de05d820, 0x000002c9e345bf70,
0x000002c9e37f3e70, 0x000002c9e357e370, 0x000002c9e357edb0, 0x000002c9e39f5230,
0x000002c9e3bfb060, 0x000002c9dddb7df0, 0x000002c9e3c535c0, 0x000002c9e3c542e0,
0x000002c9e3c54970, 0x000002c9e3c53c50, 0x000002c9e430d2b0, 0x000002c9e3c52f30,
0x000002c9e3c55000, 0x000002c9e3c55690, 0x000002c9e3c55d20, 0x000002c9e3c528a0,
0x000002c9e3396820, 0x000002c9e3396eb0, 0x000002c9e3397bd0, 0x000002c9e3398260,
0x000002c9e3395b00, 0x000002c9e33988f0, 0x000002c9e3397540, 0x000002c9e3394de0,
0x000002c9e3395470, 0x000002c9e3398f80, 0x000002c9e3399610, 0x000002c9e3396190,
0x000002c9e339c400, 0x000002c9e3399ca0, 0x000002c9e339a330, 0x000002c9e339a9c0,
0x000002c9e339b6e0, 0x000002c9e339bd70, 0x000002c9e44ff0b0, 0x000002c9e44ff740,
0x000002c9e44fea20, 0x000002c9e4500460, 0x000002c9e4500af0, 0x000002c9e4501180,
0x000002c9e44fdd00, 0x000002c9e4ea8ea0
}

Java Threads: ( => current thread )
  0x000002c982bab580 JavaThread "main"                              [_thread_blocked, id=14008, stack(0x000000ebeab00000,0x000000ebeac00000) (1024K)]
  0x000002c984f053c0 JavaThread "Reference Handler"          daemon [_thread_blocked, id=24604, stack(0x000000ebeaf00000,0x000000ebeb000000) (1024K)]
  0x000002c99b90b4e0 JavaThread "Finalizer"                  daemon [_thread_blocked, id=19716, stack(0x000000ebeb000000,0x000000ebeb100000) (1024K)]
  0x000002c984f05fd0 JavaThread "Signal Dispatcher"          daemon [_thread_blocked, id=8416, stack(0x000000ebeb100000,0x000000ebeb200000) (1024K)]
  0x000002c984f11bd0 JavaThread "Attach Listener"            daemon [_thread_blocked, id=22344, stack(0x000000ebeb200000,0x000000ebeb300000) (1024K)]
  0x000002c9ddd02220 JavaThread "Service Thread"             daemon [_thread_blocked, id=22416, stack(0x000000ebeb300000,0x000000ebeb400000) (1024K)]
  0x000002c984f15ae0 JavaThread "Monitor Deflation Thread"   daemon [_thread_blocked, id=19852, stack(0x000000ebeb400000,0x000000ebeb500000) (1024K)]
=>0x000002c984f1aec0 JavaThread "C2 CompilerThread0"         daemon [_thread_in_native, id=12020, stack(0x000000ebeb500000,0x000000ebeb600000) (1024K)]
  0x000002c984f1e640 JavaThread "C1 CompilerThread0"         daemon [_thread_blocked, id=24676, stack(0x000000ebeb600000,0x000000ebeb700000) (1024K)]
  0x000002c9ddef0450 JavaThread "Common-Cleaner"             daemon [_thread_blocked, id=9800, stack(0x000000ebeb800000,0x000000ebeb900000) (1024K)]
  0x000002c9de05d820 JavaThread "Notification Thread"        daemon [_thread_blocked, id=19424, stack(0x000000ebeb900000,0x000000ebeba00000) (1024K)]
  0x000002c9e345bf70 JavaThread "Active Thread: Equinox Container: 27a6507e-3c08-422c-a317-c420407e929c"        [_thread_blocked, id=9308, stack(0x000000ebeb700000,0x000000ebeb800000) (1024K)]
  0x000002c9e37f3e70 JavaThread "Refresh Thread: Equinox Container: 27a6507e-3c08-422c-a317-c420407e929c" daemon [_thread_blocked, id=21204, stack(0x000000ebec100000,0x000000ebec200000) (1024K)]
  0x000002c9e357e370 JavaThread "Framework Event Dispatcher: Equinox Container: 27a6507e-3c08-422c-a317-c420407e929c" daemon [_thread_blocked, id=12244, stack(0x000000ebec000000,0x000000ebec100000) (1024K)]
  0x000002c9e357edb0 JavaThread "Start Level: Equinox Container: 27a6507e-3c08-422c-a317-c420407e929c" daemon [_thread_blocked, id=18136, stack(0x000000ebec300000,0x000000ebec400000) (1024K)]
  0x000002c9e39f5230 JavaThread "Bundle File Closer"         daemon [_thread_blocked, id=27464, stack(0x000000ebec700000,0x000000ebec800000) (1024K)]
  0x000002c9e3bfb060 JavaThread "SCR Component Actor"        daemon [_thread_blocked, id=21648, stack(0x000000ebec400000,0x000000ebec500000) (1024K)]
  0x000002c9dddb7df0 JavaThread "Worker-JM"                         [_thread_blocked, id=11248, stack(0x000000ebec800000,0x000000ebec900000) (1024K)]
  0x000002c9e3c535c0 JavaThread "JNA Cleaner"                daemon [_thread_blocked, id=19628, stack(0x000000ebec900000,0x000000ebeca00000) (1024K)]
  0x000002c9e3c542e0 JavaThread "Worker-0"                          [_thread_blocked, id=10104, stack(0x000000ebeca00000,0x000000ebecb00000) (1024K)]
  0x000002c9e3c54970 JavaThread "Worker-1: Repository registry initialization"        [_thread_in_Java, id=22168, stack(0x000000ebecb00000,0x000000ebecc00000) (1024K)]
  0x000002c9e3c53c50 JavaThread "Worker-2"                          [_thread_blocked, id=26628, stack(0x000000ebecd00000,0x000000ebece00000) (1024K)]
  0x000002c9e430d2b0 JavaThread "C2 CompilerThread1"         daemon [_thread_in_native, id=9856, stack(0x000000ebecc00000,0x000000ebecd00000) (1024K)]
  0x000002c9e3c52f30 JavaThread "Java indexing"              daemon [_thread_blocked, id=7616, stack(0x000000ebece00000,0x000000ebecf00000) (1024K)]
  0x000002c9e3c55000 JavaThread "Worker-3"                          [_thread_blocked, id=24744, stack(0x000000ebed200000,0x000000ebed300000) (1024K)]
  0x000002c9e3c55690 JavaThread "Worker-4"                          [_thread_blocked, id=4848, stack(0x000000ebed300000,0x000000ebed400000) (1024K)]
  0x000002c9e3c55d20 JavaThread "Thread-1"                   daemon [_thread_in_native, id=23472, stack(0x000000ebed400000,0x000000ebed500000) (1024K)]
  0x000002c9e3c528a0 JavaThread "Thread-2"                   daemon [_thread_in_native, id=16980, stack(0x000000ebed500000,0x000000ebed600000) (1024K)]
  0x000002c9e3396820 JavaThread "Thread-3"                   daemon [_thread_in_native, id=22728, stack(0x000000ebed600000,0x000000ebed700000) (1024K)]
  0x000002c9e3396eb0 JavaThread "Thread-4"                   daemon [_thread_in_native, id=19156, stack(0x000000ebed700000,0x000000ebed800000) (1024K)]
  0x000002c9e3397bd0 JavaThread "Thread-5"                   daemon [_thread_in_native, id=512, stack(0x000000ebed800000,0x000000ebed900000) (1024K)]
  0x000002c9e3398260 JavaThread "Thread-6"                   daemon [_thread_in_native, id=25848, stack(0x000000ebed900000,0x000000ebeda00000) (1024K)]
  0x000002c9e3395b00 JavaThread "Thread-7"                   daemon [_thread_in_native, id=21408, stack(0x000000ebeda00000,0x000000ebedb00000) (1024K)]
  0x000002c9e33988f0 JavaThread "Thread-8"                   daemon [_thread_in_native, id=19388, stack(0x000000ebedb00000,0x000000ebedc00000) (1024K)]
  0x000002c9e3397540 JavaThread "Thread-9"                   daemon [_thread_in_native, id=20028, stack(0x000000ebedc00000,0x000000ebedd00000) (1024K)]
  0x000002c9e3394de0 JavaThread "Thread-10"                  daemon [_thread_in_native, id=26900, stack(0x000000ebedd00000,0x000000ebede00000) (1024K)]
  0x000002c9e3395470 JavaThread "Thread-11"                  daemon [_thread_in_native, id=25888, stack(0x000000ebede00000,0x000000ebedf00000) (1024K)]
  0x000002c9e3398f80 JavaThread "Thread-12"                  daemon [_thread_in_native, id=27024, stack(0x000000ebedf00000,0x000000ebee000000) (1024K)]
  0x000002c9e3399610 JavaThread "Thread-13"                  daemon [_thread_in_native, id=2484, stack(0x000000ebee000000,0x000000ebee100000) (1024K)]
  0x000002c9e3396190 JavaThread "pool-2-thread-1"                   [_thread_blocked, id=26668, stack(0x000000ebee100000,0x000000ebee200000) (1024K)]
  0x000002c9e339c400 JavaThread "WorkspaceEventsHandler"            [_thread_blocked, id=10728, stack(0x000000ebee200000,0x000000ebee300000) (1024K)]
  0x000002c9e3399ca0 JavaThread "pool-1-thread-1"                   [_thread_in_vm, id=11840, stack(0x000000ebee300000,0x000000ebee400000) (1024K)]
  0x000002c9e339a330 JavaThread "ForkJoinPool.commonPool-worker-1" daemon [_thread_blocked, id=16088, stack(0x000000ebee400000,0x000000ebee500000) (1024K)]
  0x000002c9e339a9c0 JavaThread "ForkJoinPool.commonPool-worker-2" daemon [_thread_blocked, id=4084, stack(0x000000ebee500000,0x000000ebee600000) (1024K)]
  0x000002c9e339b6e0 JavaThread "ForkJoinPool.commonPool-worker-3" daemon [_thread_blocked, id=25828, stack(0x000000ebee600000,0x000000ebee700000) (1024K)]
  0x000002c9e339bd70 JavaThread "ForkJoinPool.commonPool-worker-4" daemon [_thread_blocked, id=22876, stack(0x000000ebee700000,0x000000ebee800000) (1024K)]
  0x000002c9e44ff0b0 JavaThread "ForkJoinPool.commonPool-worker-5" daemon [_thread_blocked, id=26640, stack(0x000000ebee800000,0x000000ebee900000) (1024K)]
  0x000002c9e44ff740 JavaThread "ForkJoinPool.commonPool-worker-6" daemon [_thread_blocked, id=24316, stack(0x000000ebee900000,0x000000ebeea00000) (1024K)]
  0x000002c9e44fea20 JavaThread "ForkJoinPool.commonPool-worker-7" daemon [_thread_blocked, id=27404, stack(0x000000ebeea00000,0x000000ebeeb00000) (1024K)]
  0x000002c9e4500460 JavaThread "ForkJoinPool.commonPool-worker-8" daemon [_thread_blocked, id=1524, stack(0x000000ebeeb00000,0x000000ebeec00000) (1024K)]
  0x000002c9e4500af0 JavaThread "ForkJoinPool.commonPool-worker-9" daemon [_thread_blocked, id=3660, stack(0x000000ebeec00000,0x000000ebeed00000) (1024K)]
  0x000002c9e4501180 JavaThread "ForkJoinPool.commonPool-worker-10" daemon [_thread_blocked, id=17992, stack(0x000000ebeed00000,0x000000ebeee00000) (1024K)]
  0x000002c9e44fdd00 JavaThread "ForkJoinPool.commonPool-worker-11" daemon [_thread_blocked, id=8428, stack(0x000000ebeee00000,0x000000ebeef00000) (1024K)]
  0x000002c9e4ea8ea0 JavaThread "C2 CompilerThread2"         daemon [_thread_in_native, id=4620, stack(0x000000ebeef00000,0x000000ebef000000) (1024K)]
Total: 54

Other Threads:
  0x000002c984f007a0 VMThread "VM Thread"                           [id=1664, stack(0x000000ebeae00000,0x000000ebeaf00000) (1024K)]
  0x000002c99b7eca00 WatcherThread "VM Periodic Task Thread"        [id=26812, stack(0x000000ebead00000,0x000000ebeae00000) (1024K)]
  0x000002c984e7df60 WorkerThread "GC Thread#0"                     [id=19876, stack(0x000000ebeac00000,0x000000ebead00000) (1024K)]
  0x000002c9e31247f0 WorkerThread "GC Thread#1"                     [id=27268, stack(0x000000ebeba00000,0x000000ebebb00000) (1024K)]
  0x000002c9e32dc8f0 WorkerThread "GC Thread#2"                     [id=18768, stack(0x000000ebebb00000,0x000000ebebc00000) (1024K)]
  0x000002c9e32dcca0 WorkerThread "GC Thread#3"                     [id=26604, stack(0x000000ebebc00000,0x000000ebebd00000) (1024K)]
  0x000002c9e32dd050 WorkerThread "GC Thread#4"                     [id=18176, stack(0x000000ebebd00000,0x000000ebebe00000) (1024K)]
  0x000002c9e32dd400 WorkerThread "GC Thread#5"                     [id=9000, stack(0x000000ebebe00000,0x000000ebebf00000) (1024K)]
  0x000002c9e33941e0 WorkerThread "GC Thread#6"                     [id=22888, stack(0x000000ebebf00000,0x000000ebec000000) (1024K)]
  0x000002c9e37f5300 WorkerThread "GC Thread#7"                     [id=26136, stack(0x000000ebec200000,0x000000ebec300000) (1024K)]
  0x000002c9e3aa8750 WorkerThread "GC Thread#8"                     [id=11960, stack(0x000000ebec500000,0x000000ebec600000) (1024K)]
  0x000002c9e3aa8b00 WorkerThread "GC Thread#9"                     [id=8776, stack(0x000000ebec600000,0x000000ebec700000) (1024K)]
Total: 12

Threads with active compile tasks:
C2 CompilerThread0  16685 6019       4       java.lang.invoke.MethodType::makeImpl (109 bytes)
C2 CompilerThread1  16685 6057       4       java.lang.invoke.MethodType::methodType (69 bytes)
C2 CompilerThread2  16685 6164       4       com.google.gson.internal.bind.TypeAdapterRuntimeTypeWrapper::read (9 bytes)
Total: 3

VM state: not at safepoint (normal execution)

VM Mutex/Monitor currently owned by a thread: None

Heap address: 0x0000000080000000, size: 2048 MB, Compressed Oops mode: 32-bit

CDS archive(s) mapped at: [0x000002c99c000000-0x000002c99cba0000-0x000002c99cba0000), size 12189696, SharedBaseAddress: 0x000002c99c000000, ArchiveRelocationMode: 1.
Compressed class space mapped at: 0x000002c99d000000-0x000002c9dd000000, reserved size: 1073741824
Narrow klass base: 0x000002c99c000000, Narrow klass shift: 0, Narrow klass range: 0x100000000

GC Precious Log:
 CardTable entry size: 512
 CPUs: 12 total, 12 available
 Memory: 7876M
 Large Page Support: Disabled
 NUMA Support: Disabled
 Compressed Oops: Enabled (32-bit)
 Alignments: Space 512K, Generation 512K, Heap 2M
 Heap Min Capacity: 100M
 Heap Initial Capacity: 100M
 Heap Max Capacity: 2G
 Pre-touch: Disabled
 Parallel Workers: 10

Heap:
 PSYoungGen      total 14336K, used 6204K [0x00000000d5580000, 0x00000000d8800000, 0x0000000100000000)
  eden space 10752K, 24% used [0x00000000d5580000,0x00000000d58152f0,0x00000000d6000000)
  from space 3584K, 99% used [0x00000000d6e80000,0x00000000d71f9ed0,0x00000000d7200000)
  to   space 14848K, 0% used [0x00000000d6000000,0x00000000d6000000,0x00000000d6e80000)
 ParOldGen       total 68608K, used 32487K [0x0000000080000000, 0x0000000084300000, 0x00000000d5580000)
  object space 68608K, 47% used [0x0000000080000000,0x0000000081fb9e48,0x0000000084300000)
 Metaspace       used 44816K, committed 46208K, reserved 1114112K
  class space    used 4900K, committed 5504K, reserved 1048576K

Card table byte_map: [0x000002c984820000,0x000002c984c30000] _byte_map_base: 0x000002c984420000

Marking Bits: (ParMarkBitMap*) 0x00007ffa99603450
 Begin Bits: [0x000002c997310000, 0x000002c999310000)
 End Bits:   [0x000002c999310000, 0x000002c99b310000)

Polling page: 0x000002c983060000

Metaspace:

Usage:
  Non-class:     38.98 MB used.
      Class:      4.79 MB used.
       Both:     43.77 MB used.

Virtual space:
  Non-class space:       64.00 MB reserved,      39.75 MB ( 62%) committed,  1 nodes.
      Class space:        1.00 GB reserved,       5.38 MB ( <1%) committed,  1 nodes.
             Both:        1.06 GB reserved,      45.12 MB (  4%) committed. 

Chunk freelists:
   Non-Class:  7.73 MB
       Class:  10.52 MB
        Both:  18.25 MB

MaxMetaspaceSize: unlimited
CompressedClassSpaceSize: 1.00 GB
Initial GC threshold: 21.00 MB
Current GC threshold: 58.38 MB
CDS: on
 - commit_granule_bytes: 65536.
 - commit_granule_words: 8192.
 - virtual_space_node_default_size: 8388608.
 - enlarge_chunks_in_place: 1.
 - use_allocation_guard: 0.


Internal statistics:

num_allocs_failed_limit: 8.
num_arena_births: 968.
num_arena_deaths: 14.
num_vsnodes_births: 2.
num_vsnodes_deaths: 0.
num_space_committed: 722.
num_space_uncommitted: 0.
num_chunks_returned_to_freelist: 22.
num_chunks_taken_from_freelist: 3077.
num_chunk_merges: 14.
num_chunk_splits: 1869.
num_chunks_enlarged: 973.
num_inconsistent_stats: 0.

CodeHeap 'non-profiled nmethods': size=120000Kb used=2619Kb max_used=2619Kb free=117380Kb
 bounds [0x000002c98fb30000, 0x000002c98fdc0000, 0x000002c997060000]
CodeHeap 'profiled nmethods': size=120000Kb used=11514Kb max_used=11514Kb free=108485Kb
 bounds [0x000002c988060000, 0x000002c988ba0000, 0x000002c98f590000]
CodeHeap 'non-nmethods': size=5760Kb used=1361Kb max_used=1408Kb free=4398Kb
 bounds [0x000002c98f590000, 0x000002c98f800000, 0x000002c98fb30000]
CodeCache: size=245760Kb, used=15494Kb, max_used=15541Kb, free=230263Kb
 total_blobs=6259, nmethods=5602, adapters=563, full_count=0
Compilation: enabled, stopped_count=0, restarted_count=0

Compilation events (20 events):
Event: 13.584 Thread 0x000002c984f1e640 6141       1       com.google.common.collect.AbstractMapBasedMultimap$WrappedCollection::getDelegate (5 bytes)
Event: 13.585 Thread 0x000002c984f1e640 nmethod 6141 0x000002c98fdbbc10 code [0x000002c98fdbbda0, 0x000002c98fdbbe68]
Event: 13.587 Thread 0x000002c984f1e640 6142       3       java.lang.reflect.Field::get (39 bytes)
Event: 13.588 Thread 0x000002c984f1e640 nmethod 6142 0x000002c988b77f90 code [0x000002c988b781c0, 0x000002c988b78710]
Event: 13.588 Thread 0x000002c984f1e640 6143       3       jdk.internal.misc.Unsafe::getAndBitwiseOrInt (27 bytes)
Event: 13.588 Thread 0x000002c984f1e640 nmethod 6143 0x000002c988b78910 code [0x000002c988b78ac0, 0x000002c988b78cf0]
Event: 13.589 Thread 0x000002c984f1e640 6144       3       java.util.concurrent.ForkJoinTask::getAndBitwiseOrStatus (12 bytes)
Event: 13.589 Thread 0x000002c984f1e640 nmethod 6144 0x000002c988b78e10 code [0x000002c988b78fe0, 0x000002c988b792c8]
Event: 13.590 Thread 0x000002c984f1e640 6145       3       java.io.FileInputStream::<init> (107 bytes)
Event: 13.591 Thread 0x000002c984f1e640 nmethod 6145 0x000002c988b79410 code [0x000002c988b79680, 0x000002c988b79ee8]
Event: 13.591 Thread 0x000002c984f1e640 6146   !   3       java.io.FileInputStream::skip (27 bytes)
Event: 13.591 Thread 0x000002c984f1e640 nmethod 6146 0x000002c988b7a210 code [0x000002c988b7a3e0, 0x000002c988b7a600]
Event: 13.592 Thread 0x000002c984f1e640 6147       2       sun.invoke.util.VerifyType::isNullConversion (157 bytes)
Event: 13.593 Thread 0x000002c984f1e640 nmethod 6147 0x000002c988b7a790 code [0x000002c988b7a9c0, 0x000002c988b7b040]
Event: 13.593 Thread 0x000002c984f1e640 6148       3       java.lang.Thread::onSpinWait (1 bytes)
Event: 13.594 Thread 0x000002c984f1e640 nmethod 6148 0x000002c988b7b310 code [0x000002c988b7b4a0, 0x000002c988b7b588]
Event: 13.594 Thread 0x000002c984f1e640 6149       3       com.google.common.cache.LocalCache$Segment::cleanUp (21 bytes)
Event: 13.595 Thread 0x000002c984f1e640 nmethod 6149 0x000002c988b7b610 code [0x000002c988b7b800, 0x000002c988b7bcd0]
Event: 13.614 Thread 0x000002c984f1e640 6150 %     3       org.eclipse.jdt.internal.core.index.DiskIndex::addQueryResults @ 361 (739 bytes)
Event: 14.591 Thread 0x000002c984f1e640 nmethod 6150% 0x000002c988b7bf10 code [0x000002c988b7c300, 0x000002c988b7e140]

GC Heap History (20 events):
Event: 9.404 GC heap before
{Heap before GC invocations=10 (full 1):
 PSYoungGen      total 25600K, used 25313K [0x00000000d5580000, 0x00000000d7480000, 0x0000000100000000)
  eden space 24064K, 100% used [0x00000000d5580000,0x00000000d6d00000,0x00000000d6d00000)
  from space 1536K, 81% used [0x00000000d7300000,0x00000000d7438400,0x00000000d7480000)
  to   space 2560K, 0% used [0x00000000d6f80000,0x00000000d6f80000,0x00000000d7200000)
 ParOldGen       total 68608K, used 13189K [0x0000000080000000, 0x0000000084300000, 0x00000000d5580000)
  object space 68608K, 19% used [0x0000000080000000,0x0000000080ce1450,0x0000000084300000)
 Metaspace       used 26281K, committed 27264K, reserved 1114112K
  class space    used 2649K, committed 3072K, reserved 1048576K
}
Event: 9.407 GC heap after
{Heap after GC invocations=10 (full 1):
 PSYoungGen      total 25088K, used 1478K [0x00000000d5580000, 0x00000000d7380000, 0x0000000100000000)
  eden space 23552K, 0% used [0x00000000d5580000,0x00000000d5580000,0x00000000d6c80000)
  from space 1536K, 96% used [0x00000000d6f80000,0x00000000d70f1a90,0x00000000d7100000)
  to   space 2048K, 0% used [0x00000000d7180000,0x00000000d7180000,0x00000000d7380000)
 ParOldGen       total 68608K, used 13189K [0x0000000080000000, 0x0000000084300000, 0x00000000d5580000)
  object space 68608K, 19% used [0x0000000080000000,0x0000000080ce1450,0x0000000084300000)
 Metaspace       used 26281K, committed 27264K, reserved 1114112K
  class space    used 2649K, committed 3072K, reserved 1048576K
}
Event: 9.821 GC heap before
{Heap before GC invocations=11 (full 1):
 PSYoungGen      total 25088K, used 25030K [0x00000000d5580000, 0x00000000d7380000, 0x0000000100000000)
  eden space 23552K, 100% used [0x00000000d5580000,0x00000000d6c80000,0x00000000d6c80000)
  from space 1536K, 96% used [0x00000000d6f80000,0x00000000d70f1a90,0x00000000d7100000)
  to   space 2048K, 0% used [0x00000000d7180000,0x00000000d7180000,0x00000000d7380000)
 ParOldGen       total 68608K, used 13189K [0x0000000080000000, 0x0000000084300000, 0x00000000d5580000)
  object space 68608K, 19% used [0x0000000080000000,0x0000000080ce1450,0x0000000084300000)
 Metaspace       used 27696K, committed 28736K, reserved 1114112K
  class space    used 2789K, committed 3200K, reserved 1048576K
}
Event: 9.826 GC heap after
{Heap after GC invocations=11 (full 1):
 PSYoungGen      total 25088K, used 2032K [0x00000000d5580000, 0x00000000d7500000, 0x0000000100000000)
  eden space 23040K, 0% used [0x00000000d5580000,0x00000000d5580000,0x00000000d6c00000)
  from space 2048K, 99% used [0x00000000d7180000,0x00000000d737c358,0x00000000d7380000)
  to   space 4608K, 0% used [0x00000000d6c00000,0x00000000d6c00000,0x00000000d7080000)
 ParOldGen       total 68608K, used 15080K [0x0000000080000000, 0x0000000084300000, 0x00000000d5580000)
  object space 68608K, 21% used [0x0000000080000000,0x0000000080eba078,0x0000000084300000)
 Metaspace       used 27696K, committed 28736K, reserved 1114112K
  class space    used 2789K, committed 3200K, reserved 1048576K
}
Event: 10.288 GC heap before
{Heap before GC invocations=12 (full 1):
 PSYoungGen      total 25088K, used 25072K [0x00000000d5580000, 0x00000000d7500000, 0x0000000100000000)
  eden space 23040K, 100% used [0x00000000d5580000,0x00000000d6c00000,0x00000000d6c00000)
  from space 2048K, 99% used [0x00000000d7180000,0x00000000d737c358,0x00000000d7380000)
  to   space 4608K, 0% used [0x00000000d6c00000,0x00000000d6c00000,0x00000000d7080000)
 ParOldGen       total 68608K, used 15080K [0x0000000080000000, 0x0000000084300000, 0x00000000d5580000)
  object space 68608K, 21% used [0x0000000080000000,0x0000000080eba078,0x0000000084300000)
 Metaspace       used 30884K, committed 31936K, reserved 1114112K
  class space    used 3143K, committed 3584K, reserved 1048576K
}
Event: 10.293 GC heap after
{Heap after GC invocations=12 (full 1):
 PSYoungGen      total 24064K, used 1517K [0x00000000d5580000, 0x00000000d7200000, 0x0000000100000000)
  eden space 22528K, 0% used [0x00000000d5580000,0x00000000d5580000,0x00000000d6b80000)
  from space 1536K, 98% used [0x00000000d6c00000,0x00000000d6d7b5e0,0x00000000d6d80000)
  to   space 2560K, 0% used [0x00000000d6f80000,0x00000000d6f80000,0x00000000d7200000)
 ParOldGen       total 68608K, used 16697K [0x0000000080000000, 0x0000000084300000, 0x00000000d5580000)
  object space 68608K, 24% used [0x0000000080000000,0x000000008104e758,0x0000000084300000)
 Metaspace       used 30884K, committed 31936K, reserved 1114112K
  class space    used 3143K, committed 3584K, reserved 1048576K
}
Event: 10.647 GC heap before
{Heap before GC invocations=13 (full 1):
 PSYoungGen      total 24064K, used 24044K [0x00000000d5580000, 0x00000000d7200000, 0x0000000100000000)
  eden space 22528K, 99% used [0x00000000d5580000,0x00000000d6b7fd30,0x00000000d6b80000)
  from space 1536K, 98% used [0x00000000d6c00000,0x00000000d6d7b5e0,0x00000000d6d80000)
  to   space 2560K, 0% used [0x00000000d6f80000,0x00000000d6f80000,0x00000000d7200000)
 ParOldGen       total 68608K, used 16697K [0x0000000080000000, 0x0000000084300000, 0x00000000d5580000)
  object space 68608K, 24% used [0x0000000080000000,0x000000008104e758,0x0000000084300000)
 Metaspace       used 32960K, committed 34112K, reserved 1114112K
  class space    used 3421K, committed 3904K, reserved 1048576K
}
Event: 10.652 GC heap after
{Heap after GC invocations=13 (full 1):
 PSYoungGen      total 23552K, used 1056K [0x00000000d5580000, 0x00000000d7100000, 0x0000000100000000)
  eden space 22016K, 0% used [0x00000000d5580000,0x00000000d5580000,0x00000000d6b00000)
  from space 1536K, 68% used [0x00000000d6f80000,0x00000000d7088000,0x00000000d7100000)
  to   space 1536K, 0% used [0x00000000d6e00000,0x00000000d6e00000,0x00000000d6f80000)
 ParOldGen       total 68608K, used 18027K [0x0000000080000000, 0x0000000084300000, 0x00000000d5580000)
  object space 68608K, 26% used [0x0000000080000000,0x000000008119ad58,0x0000000084300000)
 Metaspace       used 32960K, committed 34112K, reserved 1114112K
  class space    used 3421K, committed 3904K, reserved 1048576K
}
Event: 10.899 GC heap before
{Heap before GC invocations=14 (full 1):
 PSYoungGen      total 23552K, used 18131K [0x00000000d5580000, 0x00000000d7100000, 0x0000000100000000)
  eden space 22016K, 77% used [0x00000000d5580000,0x00000000d662cdd8,0x00000000d6b00000)
  from space 1536K, 68% used [0x00000000d6f80000,0x00000000d7088000,0x00000000d7100000)
  to   space 1536K, 0% used [0x00000000d6e00000,0x00000000d6e00000,0x00000000d6f80000)
 ParOldGen       total 68608K, used 18027K [0x0000000080000000, 0x0000000084300000, 0x00000000d5580000)
  object space 68608K, 26% used [0x0000000080000000,0x000000008119ad58,0x0000000084300000)
 Metaspace       used 34678K, committed 35840K, reserved 1114112K
  class space    used 3620K, committed 4160K, reserved 1048576K
}
Event: 10.903 GC heap after
{Heap after GC invocations=14 (full 1):
 PSYoungGen      total 23552K, used 1467K [0x00000000d5580000, 0x00000000d7000000, 0x0000000100000000)
  eden space 22016K, 0% used [0x00000000d5580000,0x00000000d5580000,0x00000000d6b00000)
  from space 1536K, 95% used [0x00000000d6e00000,0x00000000d6f6efc8,0x00000000d6f80000)
  to   space 512K, 0% used [0x00000000d6f80000,0x00000000d6f80000,0x00000000d7000000)
 ParOldGen       total 68608K, used 18858K [0x0000000080000000, 0x0000000084300000, 0x00000000d5580000)
  object space 68608K, 27% used [0x0000000080000000,0x000000008126a9e0,0x0000000084300000)
 Metaspace       used 34678K, committed 35840K, reserved 1114112K
  class space    used 3620K, committed 4160K, reserved 1048576K
}
Event: 10.903 GC heap before
{Heap before GC invocations=15 (full 2):
 PSYoungGen      total 23552K, used 1467K [0x00000000d5580000, 0x00000000d7000000, 0x0000000100000000)
  eden space 22016K, 0% used [0x00000000d5580000,0x00000000d5580000,0x00000000d6b00000)
  from space 1536K, 95% used [0x00000000d6e00000,0x00000000d6f6efc8,0x00000000d6f80000)
  to   space 512K, 0% used [0x00000000d6f80000,0x00000000d6f80000,0x00000000d7000000)
 ParOldGen       total 68608K, used 18858K [0x0000000080000000, 0x0000000084300000, 0x00000000d5580000)
  object space 68608K, 27% used [0x0000000080000000,0x000000008126a9e0,0x0000000084300000)
 Metaspace       used 34678K, committed 35840K, reserved 1114112K
  class space    used 3620K, committed 4160K, reserved 1048576K
}
Event: 10.952 GC heap after
{Heap after GC invocations=15 (full 2):
 PSYoungGen      total 23552K, used 0K [0x00000000d5580000, 0x00000000d7000000, 0x0000000100000000)
  eden space 22016K, 0% used [0x00000000d5580000,0x00000000d5580000,0x00000000d6b00000)
  from space 1536K, 0% used [0x00000000d6e00000,0x00000000d6e00000,0x00000000d6f80000)
  to   space 512K, 0% used [0x00000000d6f80000,0x00000000d6f80000,0x00000000d7000000)
 ParOldGen       total 68608K, used 18916K [0x0000000080000000, 0x0000000084300000, 0x00000000d5580000)
  object space 68608K, 27% used [0x0000000080000000,0x0000000081279168,0x0000000084300000)
 Metaspace       used 34678K, committed 35840K, reserved 1114112K
  class space    used 3620K, committed 4160K, reserved 1048576K
}
Event: 11.420 GC heap before
{Heap before GC invocations=16 (full 2):
 PSYoungGen      total 23552K, used 22016K [0x00000000d5580000, 0x00000000d7000000, 0x0000000100000000)
  eden space 22016K, 100% used [0x00000000d5580000,0x00000000d6b00000,0x00000000d6b00000)
  from space 1536K, 0% used [0x00000000d6e00000,0x00000000d6e00000,0x00000000d6f80000)
  to   space 512K, 0% used [0x00000000d6f80000,0x00000000d6f80000,0x00000000d7000000)
 ParOldGen       total 68608K, used 18916K [0x0000000080000000, 0x0000000084300000, 0x00000000d5580000)
  object space 68608K, 27% used [0x0000000080000000,0x0000000081279168,0x0000000084300000)
 Metaspace       used 36868K, committed 38080K, reserved 1114112K
  class space    used 3896K, committed 4416K, reserved 1048576K
}
Event: 11.424 GC heap after
{Heap after GC invocations=16 (full 2):
 PSYoungGen      total 22528K, used 500K [0x00000000d5580000, 0x00000000d7000000, 0x0000000100000000)
  eden space 22016K, 0% used [0x00000000d5580000,0x00000000d5580000,0x00000000d6b00000)
  from space 512K, 97% used [0x00000000d6f80000,0x00000000d6ffd250,0x00000000d7000000)
  to   space 2048K, 0% used [0x00000000d6c00000,0x00000000d6c00000,0x00000000d6e00000)
 ParOldGen       total 68608K, used 20356K [0x0000000080000000, 0x0000000084300000, 0x00000000d5580000)
  object space 68608K, 29% used [0x0000000080000000,0x00000000813e1188,0x0000000084300000)
 Metaspace       used 36868K, committed 38080K, reserved 1114112K
  class space    used 3896K, committed 4416K, reserved 1048576K
}
Event: 11.841 GC heap before
{Heap before GC invocations=17 (full 2):
 PSYoungGen      total 22528K, used 22516K [0x00000000d5580000, 0x00000000d7000000, 0x0000000100000000)
  eden space 22016K, 100% used [0x00000000d5580000,0x00000000d6b00000,0x00000000d6b00000)
  from space 512K, 97% used [0x00000000d6f80000,0x00000000d6ffd250,0x00000000d7000000)
  to   space 2048K, 0% used [0x00000000d6c00000,0x00000000d6c00000,0x00000000d6e00000)
 ParOldGen       total 68608K, used 20356K [0x0000000080000000, 0x0000000084300000, 0x00000000d5580000)
  object space 68608K, 29% used [0x0000000080000000,0x00000000813e1188,0x0000000084300000)
 Metaspace       used 39103K, committed 40384K, reserved 1114112K
  class space    used 4178K, committed 4736K, reserved 1048576K
}
Event: 11.844 GC heap after
{Heap after GC invocations=17 (full 2):
 PSYoungGen      total 24064K, used 1472K [0x00000000d5580000, 0x00000000d7000000, 0x0000000100000000)
  eden space 22016K, 0% used [0x00000000d5580000,0x00000000d5580000,0x00000000d6b00000)
  from space 2048K, 71% used [0x00000000d6c00000,0x00000000d6d70000,0x00000000d6e00000)
  to   space 2048K, 0% used [0x00000000d6e00000,0x00000000d6e00000,0x00000000d7000000)
 ParOldGen       total 68608K, used 20809K [0x0000000080000000, 0x0000000084300000, 0x00000000d5580000)
  object space 68608K, 30% used [0x0000000080000000,0x0000000081452690,0x0000000084300000)
 Metaspace       used 39103K, committed 40384K, reserved 1114112K
  class space    used 4178K, committed 4736K, reserved 1048576K
}
Event: 12.465 GC heap before
{Heap before GC invocations=18 (full 2):
 PSYoungGen      total 24064K, used 23488K [0x00000000d5580000, 0x00000000d7000000, 0x0000000100000000)
  eden space 22016K, 100% used [0x00000000d5580000,0x00000000d6b00000,0x00000000d6b00000)
  from space 2048K, 71% used [0x00000000d6c00000,0x00000000d6d70000,0x00000000d6e00000)
  to   space 2048K, 0% used [0x00000000d6e00000,0x00000000d6e00000,0x00000000d7000000)
 ParOldGen       total 68608K, used 20809K [0x0000000080000000, 0x0000000084300000, 0x00000000d5580000)
  object space 68608K, 30% used [0x0000000080000000,0x00000000814526e8,0x0000000084300000)
 Metaspace       used 40983K, committed 42240K, reserved 1114112K
  class space    used 4410K, committed 4992K, reserved 1048576K
}
Event: 12.470 GC heap after
{Heap after GC invocations=18 (full 2):
 PSYoungGen      total 23552K, used 1152K [0x00000000d5580000, 0x00000000d6f80000, 0x0000000100000000)
  eden space 22016K, 0% used [0x00000000d5580000,0x00000000d5580000,0x00000000d6b00000)
  from space 1536K, 75% used [0x00000000d6e00000,0x00000000d6f20000,0x00000000d6f80000)
  to   space 1536K, 0% used [0x00000000d6c80000,0x00000000d6c80000,0x00000000d6e00000)
 ParOldGen       total 68608K, used 21974K [0x0000000080000000, 0x0000000084300000, 0x00000000d5580000)
  object space 68608K, 32% used [0x0000000080000000,0x0000000081575a50,0x0000000084300000)
 Metaspace       used 40983K, committed 42240K, reserved 1114112K
  class space    used 4410K, committed 4992K, reserved 1048576K
}
Event: 13.237 GC heap before
{Heap before GC invocations=19 (full 2):
 PSYoungGen      total 23552K, used 23168K [0x00000000d5580000, 0x00000000d6f80000, 0x0000000100000000)
  eden space 22016K, 100% used [0x00000000d5580000,0x00000000d6b00000,0x00000000d6b00000)
  from space 1536K, 75% used [0x00000000d6e00000,0x00000000d6f20000,0x00000000d6f80000)
  to   space 1536K, 0% used [0x00000000d6c80000,0x00000000d6c80000,0x00000000d6e00000)
 ParOldGen       total 68608K, used 21979K [0x0000000080000000, 0x0000000084300000, 0x00000000d5580000)
  object space 68608K, 32% used [0x0000000080000000,0x0000000081576ea0,0x0000000084300000)
 Metaspace       used 43324K, committed 44608K, reserved 1114112K
  class space    used 4690K, committed 5248K, reserved 1048576K
}
Event: 13.240 GC heap after
{Heap after GC invocations=19 (full 2):
 PSYoungGen      total 23552K, used 1536K [0x00000000d5580000, 0x00000000d7200000, 0x0000000100000000)
  eden space 22016K, 0% used [0x00000000d5580000,0x00000000d5580000,0x00000000d6b00000)
  from space 1536K, 100% used [0x00000000d6c80000,0x00000000d6e00000,0x00000000d6e00000)
  to   space 3584K, 0% used [0x00000000d6e80000,0x00000000d6e80000,0x00000000d7200000)
 ParOldGen       total 68608K, used 23295K [0x0000000080000000, 0x0000000084300000, 0x00000000d5580000)
  object space 68608K, 33% used [0x0000000080000000,0x00000000816bfeb0,0x0000000084300000)
 Metaspace       used 43324K, committed 44608K, reserved 1114112K
  class space    used 4690K, committed 5248K, reserved 1048576K
}

Dll operation events (10 events):
Event: 0.017 Loaded shared library c:\Users\andre\.vscode\extensions\redhat.java-1.53.0-win32-x64\jre\21.0.10-win32-x86_64\bin\java.dll
Event: 0.111 Loaded shared library c:\Users\andre\.vscode\extensions\redhat.java-1.53.0-win32-x64\jre\21.0.10-win32-x86_64\bin\zip.dll
Event: 0.140 Loaded shared library C:\Users\andre\.vscode\extensions\redhat.java-1.53.0-win32-x64\jre\21.0.10-win32-x86_64\bin\instrument.dll
Event: 0.148 Loaded shared library C:\Users\andre\.vscode\extensions\redhat.java-1.53.0-win32-x64\jre\21.0.10-win32-x86_64\bin\net.dll
Event: 0.152 Loaded shared library C:\Users\andre\.vscode\extensions\redhat.java-1.53.0-win32-x64\jre\21.0.10-win32-x86_64\bin\nio.dll
Event: 0.158 Loaded shared library C:\Users\andre\.vscode\extensions\redhat.java-1.53.0-win32-x64\jre\21.0.10-win32-x86_64\bin\zip.dll
Event: 0.189 Loaded shared library C:\Users\andre\.vscode\extensions\redhat.java-1.53.0-win32-x64\jre\21.0.10-win32-x86_64\bin\jimage.dll
Event: 0.316 Loaded shared library c:\Users\andre\.vscode\extensions\redhat.java-1.53.0-win32-x64\jre\21.0.10-win32-x86_64\bin\verify.dll
Event: 2.707 Loaded shared library C:\Users\andre\AppData\Roaming\Code\User\globalStorage\redhat.java\1.53.0\config_win\org.eclipse.equinox.launcher\org.eclipse.equinox.launcher.win32.win32.x86_64_1.3.0.v20260203-2149\eclipse_11919.dll
Event: 6.905 Loaded shared library C:\Users\andre\AppData\Local\Temp\jna-92958282\jna1706121813347892492.dll

Deoptimization events (20 events):
Event: 13.430 Thread 0x000002c9e3c54970 DEOPT PACKING pc=0x000002c98fdb86c4 sp=0x000000ebecbfd740
Event: 13.430 Thread 0x000002c9e3c54970 DEOPT UNPACKING pc=0x000002c98f5e3aa2 sp=0x000000ebecbfd6d0 mode 2
Event: 13.491 Thread 0x000002c9e339a330 Uncommon trap: trap_request=0xffffff45 fr.pc=0x000002c98fdad598 relative=0x0000000000000498
Event: 13.491 Thread 0x000002c9e339a330 Uncommon trap: reason=unstable_if action=reinterpret pc=0x000002c98fdad598 method=org.eclipse.jdt.internal.core.index.DiskIndex.readStreamChars(Ljava/io/InputStream;)[C @ 169 c2
Event: 13.491 Thread 0x000002c9e339a330 DEOPT PACKING pc=0x000002c98fdad598 sp=0x000000ebee4fea00
Event: 13.491 Thread 0x000002c9e339a330 DEOPT UNPACKING pc=0x000002c98f5e3aa2 sp=0x000000ebee4fe998 mode 2
Event: 13.515 Thread 0x000002c9e3c54970 DEOPT PACKING pc=0x000002c988a752bc sp=0x000000ebecbfc1c0
Event: 13.515 Thread 0x000002c9e3c54970 DEOPT UNPACKING pc=0x000002c98f5e4242 sp=0x000000ebecbfb6e0 mode 0
Event: 13.550 Thread 0x000002c9e3c54970 Uncommon trap: trap_request=0x00000259 fr.pc=0x000002c98fd3c200 relative=0x00000000000000e0
Event: 13.550 Thread 0x000002c9e3c54970 Uncommon trap: reason=unloaded action=reinterpret pc=0x000002c98fd3c200 method=org.codehaus.plexus.util.xml.pull.MXParser.more()C @ 22 c2
Event: 13.550 Thread 0x000002c9e3c54970 DEOPT PACKING pc=0x000002c98fd3c200 sp=0x000000ebecbfee40
Event: 13.550 Thread 0x000002c9e3c54970 DEOPT UNPACKING pc=0x000002c98f5e3aa2 sp=0x000000ebecbfede0 mode 2
Event: 13.573 Thread 0x000002c9e3c54970 Uncommon trap: trap_request=0xfffffff4 fr.pc=0x000002c98fd9533c relative=0x000000000000037c
Event: 13.573 Thread 0x000002c9e3c54970 Uncommon trap: reason=null_check action=make_not_entrant pc=0x000002c98fd9533c method=sun.invoke.util.VerifyType.isNullConversion(Ljava/lang/Class;Ljava/lang/Class;Z)Z @ 12 c2
Event: 13.573 Thread 0x000002c9e3c54970 DEOPT PACKING pc=0x000002c98fd9533c sp=0x000000ebecbfd6a0
Event: 13.573 Thread 0x000002c9e3c54970 DEOPT UNPACKING pc=0x000002c98f5e3aa2 sp=0x000000ebecbfd628 mode 2
Event: 13.575 Thread 0x000002c9e3c54970 Uncommon trap: trap_request=0xffffff45 fr.pc=0x000002c98fba1728 relative=0x0000000000000108
Event: 13.575 Thread 0x000002c9e3c54970 Uncommon trap: reason=unstable_if action=reinterpret pc=0x000002c98fba1728 method=jdk.internal.org.objectweb.asm.ByteVector.putShort(I)Ljdk/internal/org/objectweb/asm/ByteVector; @ 13 c2
Event: 13.575 Thread 0x000002c9e3c54970 DEOPT PACKING pc=0x000002c98fba1728 sp=0x000000ebecbfd2a0
Event: 13.575 Thread 0x000002c9e3c54970 DEOPT UNPACKING pc=0x000002c98f5e3aa2 sp=0x000000ebecbfd228 mode 2

Classes loaded (20 events):
Event: 12.670 Loading class sun/nio/cs/ThreadLocalCoders$1
Event: 12.671 Loading class sun/nio/cs/ThreadLocalCoders$Cache
Event: 12.672 Loading class sun/nio/cs/ThreadLocalCoders$Cache done
Event: 12.673 Loading class sun/nio/cs/ThreadLocalCoders$1 done
Event: 12.673 Loading class sun/nio/cs/ThreadLocalCoders$2
Event: 12.673 Loading class sun/nio/cs/ThreadLocalCoders$2 done
Event: 12.939 Loading class java/io/UTFDataFormatException
Event: 12.940 Loading class java/io/UTFDataFormatException done
Event: 13.010 Loading class java/lang/ExceptionInInitializerError
Event: 13.010 Loading class java/lang/ExceptionInInitializerError done
Event: 13.011 Loading class sun/misc/Unsafe
Event: 13.013 Loading class sun/misc/Unsafe done
Event: 13.034 Loading class jdk/internal/org/objectweb/asm/ClassReader
Event: 13.036 Loading class jdk/internal/org/objectweb/asm/ClassReader done
Event: 13.487 Loading class java/util/concurrent/ForkJoinTask$AdaptedCallable
Event: 13.487 Loading class java/util/concurrent/ForkJoinTask$AdaptedCallable done
Event: 13.539 Loading class java/lang/ProcessEnvironment$CheckedKeySet
Event: 13.539 Loading class java/lang/ProcessEnvironment$CheckedKeySet done
Event: 13.572 Loading class java/lang/invoke/MethodHandleImpl$CountingWrapper
Event: 13.572 Loading class java/lang/invoke/MethodHandleImpl$CountingWrapper done

Classes unloaded (7 events):
Event: 8.342 Thread 0x000002c984f007a0 Unloading class 0x000002c99d1ab400 'java/lang/invoke/LambdaForm$MH+0x000002c99d1ab400'
Event: 8.342 Thread 0x000002c984f007a0 Unloading class 0x000002c99d1ab000 'java/lang/invoke/LambdaForm$MH+0x000002c99d1ab000'
Event: 8.342 Thread 0x000002c984f007a0 Unloading class 0x000002c99d1aac00 'java/lang/invoke/LambdaForm$MH+0x000002c99d1aac00'
Event: 8.342 Thread 0x000002c984f007a0 Unloading class 0x000002c99d1aa800 'java/lang/invoke/LambdaForm$MH+0x000002c99d1aa800'
Event: 8.342 Thread 0x000002c984f007a0 Unloading class 0x000002c99d1aa400 'java/lang/invoke/LambdaForm$BMH+0x000002c99d1aa400'
Event: 8.342 Thread 0x000002c984f007a0 Unloading class 0x000002c99d1aa000 'java/lang/invoke/LambdaForm$DMH+0x000002c99d1aa000'
Event: 8.342 Thread 0x000002c984f007a0 Unloading class 0x000002c99d1a8c00 'java/lang/invoke/LambdaForm$DMH+0x000002c99d1a8c00'

Classes redefined (0 events):
No events

Internal exceptions (20 events):
Event: 11.679 Thread 0x000002c982bab580 Exception <a 'java/lang/IncompatibleClassChangeError'{0x00000000d634c710}: Found class java.lang.Object, but interface was expected> (0x00000000d634c710) 
thrown [s\src\hotspot\share\interpreter\linkResolver.cpp, line 840]
Event: 12.854 Thread 0x000002c9e3c542e0 Exception <a 'sun/nio/fs/WindowsException'{0x00000000d5e9f208}> (0x00000000d5e9f208) 
thrown [s\src\hotspot\share\prims\jni.cpp, line 520]
Event: 12.911 Thread 0x000002c9e3c542e0 Exception <a 'java/io/FileNotFoundException'{0x00000000d6180fd8}> (0x00000000d6180fd8) 
thrown [s\src\hotspot\share\prims\jni.cpp, line 520]
Event: 12.912 Thread 0x000002c9e3c542e0 Exception <a 'java/io/FileNotFoundException'{0x00000000d61825e0}> (0x00000000d61825e0) 
thrown [s\src\hotspot\share\prims\jni.cpp, line 520]
Event: 12.916 Thread 0x000002c9e3c542e0 Exception <a 'java/lang/NoSuchMethodError'{0x00000000d6190718}: 'java.lang.Object java.lang.invoke.DirectMethodHandle$Holder.newInvokeSpecial(java.lang.Object, java.lang.Object, java.lang.Object, int)'> (0x00000000d6190718) 
thrown [s\src\hotspot\share\interpreter\linkResolver.cpp, line 773]
Event: 12.917 Thread 0x000002c9e3c542e0 Exception <a 'java/lang/NoSuchMethodError'{0x00000000d6194668}: 'java.lang.Object java.lang.invoke.DirectMethodHandle$Holder.invokeSpecial(java.lang.Object, java.lang.Object, java.lang.Object, java.lang.Object, int)'> (0x00000000d6194668) 
thrown [s\src\hotspot\share\interpreter\linkResolver.cpp, line 773]
Event: 12.918 Thread 0x000002c9e3c542e0 Exception <a 'java/lang/NoSuchMethodError'{0x00000000d6197b10}: 'java.lang.Object java.lang.invoke.Invokers$Holder.linkToTargetMethod(java.lang.Object, java.lang.Object, int, java.lang.Object)'> (0x00000000d6197b10) 
thrown [s\src\hotspot\share\interpreter\linkResolver.cpp, line 773]
Event: 12.922 Thread 0x000002c9e3c542e0 Exception <a 'java/lang/NoSuchMethodError'{0x00000000d61d39f8}: 'void java.lang.invoke.DirectMethodHandle$Holder.invokeStaticInit(java.lang.Object, java.lang.Object, java.lang.Object)'> (0x00000000d61d39f8) 
thrown [s\src\hotspot\share\interpreter\linkResolver.cpp, line 773]
Event: 13.014 Thread 0x000002c9e3c54970 Exception <a 'java/lang/ExceptionInInitializerError'{0x00000000d64760b0}> (0x00000000d64760b0) 
thrown [s\src\hotspot\share\oops\instanceKlass.cpp, line 1220]
Event: 13.031 Thread 0x000002c9e3c54970 Implicit null exception at 0x000002c98fcd9277 to 0x000002c98fcd94e8
Event: 13.038 Thread 0x000002c9e3c54970 Implicit null exception at 0x000002c98fc6047e to 0x000002c98fc606f0
Event: 13.038 Thread 0x000002c9e3c54970 Implicit null exception at 0x000002c98fbe089c to 0x000002c98fbe17b8
Event: 13.040 Thread 0x000002c9e3c54970 Exception <a 'java/lang/NoSuchMethodError'{0x00000000d6539078}: 'java.lang.Object java.lang.invoke.Invokers$Holder.invokeExact_MT(java.lang.Object, int, java.lang.Object)'> (0x00000000d6539078) 
thrown [s\src\hotspot\share\interpreter\linkResolver.cpp, line 773]
Event: 13.484 Thread 0x000002c9e3c542e0 Exception <a 'java/io/FileNotFoundException'{0x00000000d5c528b8}> (0x00000000d5c528b8) 
thrown [s\src\hotspot\share\prims\jni.cpp, line 520]
Event: 13.484 Thread 0x000002c9e3c542e0 Exception <a 'java/io/FileNotFoundException'{0x00000000d5c53638}> (0x00000000d5c53638) 
thrown [s\src\hotspot\share\prims\jni.cpp, line 520]
Event: 13.516 Thread 0x000002c9e3c54970 Exception <a 'java/lang/NoClassDefFoundError'{0x00000000d5f8f3e8}: com/google/inject/servlet/ServletModuleTargetVisitor> (0x00000000d5f8f3e8) 
thrown [s\src\hotspot\share\classfile\systemDictionary.cpp, line 301]
Event: 13.571 Thread 0x000002c9e3c54970 Exception <a 'java/lang/NoSuchMethodError'{0x00000000d64a3a70}: 'java.lang.Object java.lang.invoke.DirectMethodHandle$Holder.invokeStatic(java.lang.Object, int, java.lang.Object, java.lang.Object)'> (0x00000000d64a3a70) 
thrown [s\src\hotspot\share\interpreter\linkResolver.cpp, line 773]
Event: 13.572 Thread 0x000002c9e3c54970 Exception <a 'java/lang/NoSuchMethodError'{0x00000000d64a7270}: 'java.lang.Object java.lang.invoke.DelegatingMethodHandle$Holder.delegate(java.lang.Object, int, java.lang.Object, java.lang.Object)'> (0x00000000d64a7270) 
thrown [s\src\hotspot\share\interpreter\linkResolver.cpp, line 773]
Event: 13.573 Thread 0x000002c9e3c54970 Implicit null exception at 0x000002c98fd94ff6 to 0x000002c98fd9532c
Event: 13.576 Thread 0x000002c9e3c54970 Exception <a 'java/lang/NoSuchMethodError'{0x00000000d64baa10}: 'int java.lang.invoke.Invokers$Holder.linkToTargetMethod(java.lang.Object, java.lang.Object, java.lang.Object)'> (0x00000000d64baa10) 
thrown [s\src\hotspot\share\interpreter\linkResolver.cpp, line 773]

ZGC Phase Switch (0 events):
No events

VM Operations (20 events):
Event: 10.953 Executing safepoint VM operation: CollectForMetadataAllocation (Metadata GC Threshold) done
Event: 11.419 Executing safepoint VM operation: ParallelGCFailedAllocation (Allocation Failure)
Event: 11.424 Executing safepoint VM operation: ParallelGCFailedAllocation (Allocation Failure) done
Event: 11.704 Executing non-safepoint VM operation: HandshakeAllThreads (Deoptimize)
Event: 11.704 Executing non-safepoint VM operation: HandshakeAllThreads (Deoptimize) done
Event: 11.841 Executing safepoint VM operation: ParallelGCFailedAllocation (Allocation Failure)
Event: 11.845 Executing safepoint VM operation: ParallelGCFailedAllocation (Allocation Failure) done
Event: 12.030 Executing non-safepoint VM operation: HandshakeAllThreads (Deoptimize)
Event: 12.030 Executing non-safepoint VM operation: HandshakeAllThreads (Deoptimize) done
Event: 12.465 Executing safepoint VM operation: ParallelGCFailedAllocation (Allocation Failure)
Event: 12.465 Executing safepoint VM operation: ParallelGCFailedAllocation (Allocation Failure) done
Event: 12.465 Executing safepoint VM operation: ParallelGCSystemGC (GCLocker Initiated GC)
Event: 12.471 Executing safepoint VM operation: ParallelGCSystemGC (GCLocker Initiated GC) done
Event: 13.132 Executing non-safepoint VM operation: HandshakeAllThreads (Deoptimize)
Event: 13.132 Executing non-safepoint VM operation: HandshakeAllThreads (Deoptimize) done
Event: 13.237 Executing safepoint VM operation: ParallelGCFailedAllocation (Allocation Failure)
Event: 13.240 Executing safepoint VM operation: ParallelGCFailedAllocation (Allocation Failure) done
Event: 14.248 Executing safepoint VM operation: Cleanup
Event: 14.606 Executing safepoint VM operation: Cleanup done
Event: 14.607 Executing safepoint VM operation: ParallelGCFailedAllocation (Allocation Failure)

Memory protections (0 events):
No events

Nmethod flushes (20 events):
Event: 10.930 Thread 0x000002c984f007a0 flushing  nmethod 0x000002c988684e10
Event: 10.930 Thread 0x000002c984f007a0 flushing  nmethod 0x000002c988685c10
Event: 10.930 Thread 0x000002c984f007a0 flushing  nmethod 0x000002c988686d10
Event: 10.930 Thread 0x000002c984f007a0 flushing  nmethod 0x000002c988688010
Event: 10.930 Thread 0x000002c984f007a0 flushing  nmethod 0x000002c988688d10
Event: 10.930 Thread 0x000002c984f007a0 flushing  nmethod 0x000002c98868a390
Event: 10.930 Thread 0x000002c984f007a0 flushing  nmethod 0x000002c988697a90
Event: 10.930 Thread 0x000002c984f007a0 flushing  nmethod 0x000002c988698990
Event: 10.930 Thread 0x000002c984f007a0 flushing  nmethod 0x000002c9886bff90
Event: 10.930 Thread 0x000002c984f007a0 flushing  nmethod 0x000002c9886c5710
Event: 10.930 Thread 0x000002c984f007a0 flushing  nmethod 0x000002c9886ccf10
Event: 10.930 Thread 0x000002c984f007a0 flushing  nmethod 0x000002c9886d5c90
Event: 10.930 Thread 0x000002c984f007a0 flushing  nmethod 0x000002c98871e710
Event: 10.930 Thread 0x000002c984f007a0 flushing osr nmethod 0x000002c98873c710
Event: 10.930 Thread 0x000002c984f007a0 flushing  nmethod 0x000002c98873fe10
Event: 10.930 Thread 0x000002c984f007a0 flushing  nmethod 0x000002c988750410
Event: 10.930 Thread 0x000002c984f007a0 flushing  nmethod 0x000002c98878a090
Event: 10.930 Thread 0x000002c984f007a0 flushing  nmethod 0x000002c98878a510
Event: 10.930 Thread 0x000002c984f007a0 flushing  nmethod 0x000002c9887a5a10
Event: 10.930 Thread 0x000002c984f007a0 flushing  nmethod 0x000002c9887a7610

Events (20 events):
Event: 11.021 Thread 0x000002c982bab580 Thread added: 0x000002c9e33988f0
Event: 11.022 Thread 0x000002c982bab580 Thread added: 0x000002c9e3397540
Event: 11.022 Thread 0x000002c982bab580 Thread added: 0x000002c9e3394de0
Event: 11.023 Thread 0x000002c982bab580 Thread added: 0x000002c9e3395470
Event: 11.023 Thread 0x000002c982bab580 Thread added: 0x000002c9e3398f80
Event: 11.023 Thread 0x000002c982bab580 Thread added: 0x000002c9e3399610
Event: 11.197 Thread 0x000002c982bab580 Thread added: 0x000002c9e3396190
Event: 11.734 Thread 0x000002c982bab580 Thread added: 0x000002c9e339c400
Event: 11.736 Thread 0x000002c982bab580 Thread added: 0x000002c9e3399ca0
Event: 13.489 Thread 0x000002c9e3c542e0 Thread added: 0x000002c9e339a330
Event: 13.489 Thread 0x000002c9e3c542e0 Thread added: 0x000002c9e339a9c0
Event: 13.489 Thread 0x000002c9e339a330 Thread added: 0x000002c9e339b6e0
Event: 13.490 Thread 0x000002c9e339a9c0 Thread added: 0x000002c9e339bd70
Event: 13.490 Thread 0x000002c9e339b6e0 Thread added: 0x000002c9e44ff0b0
Event: 13.490 Thread 0x000002c9e339bd70 Thread added: 0x000002c9e44ff740
Event: 13.492 Thread 0x000002c9e44ff0b0 Thread added: 0x000002c9e44fea20
Event: 13.492 Thread 0x000002c9e44ff740 Thread added: 0x000002c9e4500460
Event: 13.493 Thread 0x000002c9e44fea20 Thread added: 0x000002c9e4500af0
Event: 13.493 Thread 0x000002c9e4500460 Thread added: 0x000002c9e4501180
Event: 13.494 Thread 0x000002c9e4500af0 Thread added: 0x000002c9e44fdd00


Dynamic libraries:
0x00007ff6c68d0000 - 0x00007ff6c68de000 	c:\Users\andre\.vscode\extensions\redhat.java-1.53.0-win32-x64\jre\21.0.10-win32-x86_64\bin\java.exe
0x00007ffb51680000 - 0x00007ffb518e7000 	C:\Windows\SYSTEM32\ntdll.dll
0x00007ffb505f0000 - 0x00007ffb506b9000 	C:\Windows\System32\KERNEL32.DLL
0x00007ffb4e090000 - 0x00007ffb4e481000 	C:\Windows\System32\KERNELBASE.dll
0x00007ffb4e520000 - 0x00007ffb4e66b000 	C:\Windows\System32\ucrtbase.dll
0x00007ffb10190000 - 0x00007ffb101ae000 	c:\Users\andre\.vscode\extensions\redhat.java-1.53.0-win32-x64\jre\21.0.10-win32-x86_64\bin\VCRUNTIME140.dll
0x00007ffb1b600000 - 0x00007ffb1b618000 	c:\Users\andre\.vscode\extensions\redhat.java-1.53.0-win32-x64\jre\21.0.10-win32-x86_64\bin\jli.dll
0x00007ffb4ff80000 - 0x00007ffb50145000 	C:\Windows\System32\USER32.dll
0x00007ffb4e7e0000 - 0x00007ffb4e807000 	C:\Windows\System32\win32u.dll
0x00007ffb30890000 - 0x00007ffb30b23000 	C:\Windows\WinSxS\amd64_microsoft.windows.common-controls_6595b64144ccf1df_6.0.26100.8037_none_3e092faae333b53b\COMCTL32.dll
0x00007ffb513b0000 - 0x00007ffb513db000 	C:\Windows\System32\GDI32.dll
0x00007ffb4df60000 - 0x00007ffb4e08b000 	C:\Windows\System32\gdi32full.dll
0x00007ffb506c0000 - 0x00007ffb50769000 	C:\Windows\System32\msvcrt.dll
0x00007ffb4e670000 - 0x00007ffb4e713000 	C:\Windows\System32\msvcp_win.dll
0x00007ffb51210000 - 0x00007ffb51241000 	C:\Windows\System32\IMM32.DLL
0x00007ffb44610000 - 0x00007ffb4461c000 	c:\Users\andre\.vscode\extensions\redhat.java-1.53.0-win32-x64\jre\21.0.10-win32-x86_64\bin\vcruntime140_1.dll
0x00007ffb05040000 - 0x00007ffb050cd000 	c:\Users\andre\.vscode\extensions\redhat.java-1.53.0-win32-x64\jre\21.0.10-win32-x86_64\bin\msvcp140.dll
0x00007ffa98940000 - 0x00007ffa996e1000 	c:\Users\andre\.vscode\extensions\redhat.java-1.53.0-win32-x64\jre\21.0.10-win32-x86_64\bin\server\jvm.dll
0x00007ffb50410000 - 0x00007ffb504cb000 	C:\Windows\System32\ADVAPI32.dll
0x00007ffb51160000 - 0x00007ffb51207000 	C:\Windows\System32\sechost.dll
0x00007ffb504d0000 - 0x00007ffb505e8000 	C:\Windows\System32\RPCRT4.dll
0x00007ffb50920000 - 0x00007ffb50994000 	C:\Windows\System32\WS2_32.dll
0x00007ffb4ddc0000 - 0x00007ffb4de1e000 	C:\Windows\SYSTEM32\POWRPROF.dll
0x00007ffb3b190000 - 0x00007ffb3b19b000 	C:\Windows\SYSTEM32\VERSION.dll
0x00007ffb4afa0000 - 0x00007ffb4afd5000 	C:\Windows\SYSTEM32\WINMM.dll
0x00007ffb4dda0000 - 0x00007ffb4ddb4000 	C:\Windows\SYSTEM32\UMPDC.dll
0x00007ffb4ccb0000 - 0x00007ffb4cccb000 	C:\Windows\SYSTEM32\kernel.appcore.dll
0x00007ffb421d0000 - 0x00007ffb421da000 	c:\Users\andre\.vscode\extensions\redhat.java-1.53.0-win32-x64\jre\21.0.10-win32-x86_64\bin\jimage.dll
0x00007ffb4bd60000 - 0x00007ffb4bfa2000 	C:\Windows\SYSTEM32\DBGHELP.DLL
0x00007ffb4f490000 - 0x00007ffb4f812000 	C:\Windows\System32\combase.dll
0x00007ffb4fa10000 - 0x00007ffb4fae7000 	C:\Windows\System32\OLEAUT32.dll
0x00007ffb2f090000 - 0x00007ffb2f0cb000 	C:\Windows\SYSTEM32\dbgcore.DLL
0x00007ffb4e980000 - 0x00007ffb4ea25000 	C:\Windows\System32\bcryptPrimitives.dll
0x00007ffb3b1a0000 - 0x00007ffb3b1af000 	c:\Users\andre\.vscode\extensions\redhat.java-1.53.0-win32-x64\jre\21.0.10-win32-x86_64\bin\instrument.dll
0x00007ffb10080000 - 0x00007ffb100a0000 	c:\Users\andre\.vscode\extensions\redhat.java-1.53.0-win32-x64\jre\21.0.10-win32-x86_64\bin\java.dll
0x00007ffb509a0000 - 0x00007ffb510ff000 	C:\Windows\System32\SHELL32.dll
0x00007ffb4e810000 - 0x00007ffb4e97a000 	C:\Windows\System32\wintypes.dll
0x00007ffb4ea30000 - 0x00007ffb4f294000 	C:\Windows\System32\windows.storage.dll
0x00007ffb50310000 - 0x00007ffb50407000 	C:\Windows\System32\SHCORE.dll
0x00007ffb513e0000 - 0x00007ffb51447000 	C:\Windows\System32\shlwapi.dll
0x00007ffb4de80000 - 0x00007ffb4dea9000 	C:\Windows\SYSTEM32\profapi.dll
0x00007ffb10060000 - 0x00007ffb10078000 	c:\Users\andre\.vscode\extensions\redhat.java-1.53.0-win32-x64\jre\21.0.10-win32-x86_64\bin\zip.dll
0x00007ffb32240000 - 0x00007ffb32250000 	C:\Users\andre\.vscode\extensions\redhat.java-1.53.0-win32-x64\jre\21.0.10-win32-x86_64\bin\net.dll
0x00007ffb458d0000 - 0x00007ffb459f7000 	C:\Windows\SYSTEM32\WINHTTP.dll
0x00007ffb4d200000 - 0x00007ffb4d26b000 	C:\Windows\system32\mswsock.dll
0x00007ffb06dd0000 - 0x00007ffb06de6000 	C:\Users\andre\.vscode\extensions\redhat.java-1.53.0-win32-x64\jre\21.0.10-win32-x86_64\bin\nio.dll
0x00007ffb32180000 - 0x00007ffb32190000 	c:\Users\andre\.vscode\extensions\redhat.java-1.53.0-win32-x64\jre\21.0.10-win32-x86_64\bin\verify.dll
0x00007ffb04f10000 - 0x00007ffb04f55000 	C:\Users\andre\AppData\Roaming\Code\User\globalStorage\redhat.java\1.53.0\config_win\org.eclipse.equinox.launcher\org.eclipse.equinox.launcher.win32.win32.x86_64_1.3.0.v20260203-2149\eclipse_11919.dll
0x00007ffb50780000 - 0x00007ffb50915000 	C:\Windows\System32\ole32.dll
0x00007ffb4d600000 - 0x00007ffb4d61b000 	C:\Windows\SYSTEM32\CRYPTSP.dll
0x00007ffb4cc10000 - 0x00007ffb4cc49000 	C:\Windows\system32\rsaenh.dll
0x00007ffb4d2b0000 - 0x00007ffb4d2e2000 	C:\Windows\SYSTEM32\USERENV.dll
0x00007ffb4de50000 - 0x00007ffb4de7a000 	C:\Windows\SYSTEM32\bcrypt.dll
0x00007ffb4d460000 - 0x00007ffb4d46c000 	C:\Windows\SYSTEM32\CRYPTBASE.dll
0x00007ffb4c5c0000 - 0x00007ffb4c5f3000 	C:\Windows\SYSTEM32\IPHLPAPI.DLL
0x00007ffb4f420000 - 0x00007ffb4f42a000 	C:\Windows\System32\NSI.dll
0x00007ffb04b10000 - 0x00007ffb04b59000 	C:\Users\andre\AppData\Local\Temp\jna-92958282\jna1706121813347892492.dll
0x00007ffb4f820000 - 0x00007ffb4f828000 	C:\Windows\System32\PSAPI.DLL
0x00007ffb45b90000 - 0x00007ffb45bad000 	C:\Windows\SYSTEM32\dhcpcsvc6.DLL
0x00007ffb45b60000 - 0x00007ffb45b83000 	C:\Windows\SYSTEM32\dhcpcsvc.DLL

JVMTI agents:
c:\Users\andre\.vscode\extensions\redhat.java-1.53.0-win32-x64\lombok\lombok-1.18.39-4050.jar path:c:\Users\andre\.vscode\extensions\redhat.java-1.53.0-win32-x64\jre\21.0.10-win32-x86_64\bin\instrument.dll, loaded, initialized, instrumentlib options:none

dbghelp: loaded successfully - version: 4.0.5 - missing functions: none
symbol engine: initialized successfully - sym options: 0x614 - pdb path: .;c:\Users\andre\.vscode\extensions\redhat.java-1.53.0-win32-x64\jre\21.0.10-win32-x86_64\bin;C:\Windows\SYSTEM32;C:\Windows\WinSxS\amd64_microsoft.windows.common-controls_6595b64144ccf1df_6.0.26100.8037_none_3e092faae333b53b;c:\Users\andre\.vscode\extensions\redhat.java-1.53.0-win32-x64\jre\21.0.10-win32-x86_64\bin\server;C:\Users\andre\AppData\Roaming\Code\User\globalStorage\redhat.java\1.53.0\config_win\org.eclipse.equinox.launcher\org.eclipse.equinox.launcher.win32.win32.x86_64_1.3.0.v20260203-2149;C:\Users\andre\AppData\Local\Temp\jna-92958282

VM Arguments:
jvm_args: --add-modules=ALL-SYSTEM --add-opens=java.base/java.util=ALL-UNNAMED --add-opens=java.base/java.lang=ALL-UNNAMED --add-opens=java.base/sun.nio.fs=ALL-UNNAMED -Declipse.application=org.eclipse.jdt.ls.core.id1 -Dosgi.bundles.defaultStartLevel=4 -Declipse.product=org.eclipse.jdt.ls.core.product -Djava.import.generatesMetadataFilesAtProjectRoot=false -DDetectVMInstallationsJob.disabled=true -Dfile.encoding=utf8 -XX:+UseParallelGC -XX:GCTimeRatio=4 -XX:AdaptiveSizePolicyWeight=90 -Dsun.zip.disableMemoryMapping=true -Xmx2G -Xms100m -Xlog:disable -javaagent:c:\Users\andre\.vscode\extensions\redhat.java-1.53.0-win32-x64\lombok\lombok-1.18.39-4050.jar -XX:+HeapDumpOnOutOfMemoryError -XX:HeapDumpPath=c:\Users\andre\AppData\Roaming\Code\User\workspaceStorage\359791db15d881bc5bf71c006a5bff27\redhat.java -Daether.dependencyCollector.impl=bf 
java_command: c:\Users\andre\.vscode\extensions\redhat.java-1.53.0-win32-x64\server\plugins\org.eclipse.equinox.launcher_1.7.100.v20251111-0406.jar -configuration c:\Users\andre\AppData\Roaming\Code\User\globalStorage\redhat.java\1.53.0\config_win -data c:\Users\andre\AppData\Roaming\Code\User\workspaceStorage\359791db15d881bc5bf71c006a5bff27\redhat.java\jdt_ws --pipe=\\.\pipe\lsp-6cf5155e629fa7f0f738e95c81737c4c-sock
java_class_path (initial): c:\Users\andre\.vscode\extensions\redhat.java-1.53.0-win32-x64\server\plugins\org.eclipse.equinox.launcher_1.7.100.v20251111-0406.jar
Launcher Type: SUN_STANDARD

[Global flags]
    uintx AdaptiveSizePolicyWeight                 = 90                                        {product} {command line}
     intx CICompilerCount                          = 4                                         {product} {ergonomic}
    uintx GCTimeRatio                              = 4                                         {product} {command line}
     bool HeapDumpOnOutOfMemoryError               = true                                   {manageable} {command line}
    ccstr HeapDumpPath                             = c:\Users\andre\AppData\Roaming\Code\User\workspaceStorage\359791db15d881bc5bf71c006a5bff27\redhat.java         {manageable} {command line}
   size_t InitialHeapSize                          = 104857600                                 {product} {command line}
   size_t MaxHeapSize                              = 2147483648                                {product} {command line}
   size_t MaxNewSize                               = 715653120                                 {product} {ergonomic}
   size_t MinHeapDeltaBytes                        = 524288                                    {product} {ergonomic}
   size_t MinHeapSize                              = 104857600                                 {product} {command line}
   size_t NewSize                                  = 34603008                                  {product} {ergonomic}
    uintx NonNMethodCodeHeapSize                   = 5839372                                {pd product} {ergonomic}
    uintx NonProfiledCodeHeapSize                  = 122909434                              {pd product} {ergonomic}
   size_t OldSize                                  = 70254592                                  {product} {ergonomic}
    uintx ProfiledCodeHeapSize                     = 122909434                              {pd product} {ergonomic}
    uintx ReservedCodeCacheSize                    = 251658240                              {pd product} {ergonomic}
     bool SegmentedCodeCache                       = true                                      {product} {ergonomic}
   size_t SoftMaxHeapSize                          = 2147483648                             {manageable} {ergonomic}
     bool UseCompressedOops                        = true                           {product lp64_product} {ergonomic}
     bool UseLargePagesIndividualAllocation        = false                                  {pd product} {ergonomic}
     bool UseParallelGC                            = true                                      {product} {command line}

Logging:
Log output configuration:
 #0: stdout all=off uptime,level,tags foldmultilines=false
 #1: stderr all=off uptime,level,tags foldmultilines=false

Release file:
JAVA_VERSION="21.0.10" 
MODULES="java.base java.compiler java.datatransfer java.xml java.prefs java.desktop java.instrument java.logging java.management java.security.sasl java.naming java.rmi java.management.rmi java.net.http java.scripting java.security.jgss java.transaction.xa java.sql java.sql.rowset java.xml.crypto java.se java.smartcardio jdk.accessibility jdk.internal.jvmstat jdk.attach jdk.charsets jdk.internal.opt jdk.zipfs jdk.compiler jdk.crypto.ec jdk.crypto.cryptoki jdk.crypto.mscapi jdk.dynalink jdk.internal.ed jdk.editpad jdk.hotspot.agent jdk.httpserver jdk.internal.le jdk.internal.vm.ci jdk.internal.vm.compiler jdk.internal.vm.compiler.management jdk.jartool jdk.javadoc jdk.jcmd jdk.management jdk.management.agent jdk.jconsole jdk.jdeps jdk.jdwp.agent jdk.jdi jdk.jfr jdk.jshell jdk.jsobject jdk.jstatd jdk.localedata jdk.management.jfr jdk.naming.dns jdk.naming.rmi jdk.net jdk.nio.mapmode jdk.random jdk.sctp jdk.security.auth jdk.security.jgss jdk.unsupported jdk.unsupported.desktop jdk.xml.dom" 

Environment Variables:
JAVA_HOME=C:\Program Files\Java\jdk-21
PATH=C:\Users\andre\AppData\Local\Programs\Microsoft VS Code;C:\Program Files\Common Files\Oracle\Java\javapath;C:\Program Files (x86)\Common Files\Oracle\Java\java8path;C:\Program Files (x86)\Common Files\Oracle\Java\javapath;C:\Windows\system32;C:\Windows;C:\Windows\System32\Wbem;C:\Windows\System32\WindowsPowerShell\v1.0\;C:\Windows\System32\OpenSSH\;C:\Program Files\dotnet\;C:\Program Files\nodejs\;C:\ProgramData\chocolatey\bin;C:\Program Files\MySQL\MySQL Server 8.0\bin;C:\Users\andre\AppData\Local\Programs\Python\Python313\python.exe;C:\Program Files\PostgreSQL\17\bin;C:\Program Files\PostgreSQL\16\bin;C:\Program Files (x86)\CMake\bin;C:\Program Files\Git\cmd;C:\Program Files\apache-maven-3.9.11\bin;C:\flac\flac-1.4.3-win\Win64;;C:\Program Files\Docker\Docker\resources\bin;C:\Users\andre\AppData\Local\Programs\Python\Python311\Scripts\;C:\Users\andre\AppData\Local\Programs\Python\Python311\;C:\Users\andre\AppData\Local\Programs\Microsoft VS Code\bin;C:\Program Files\apache-maven-3.9.11\bin;C:\Users\andre\AppData\Local\GitHubDesktop\bin
USERNAME=andre
OS=Windows_NT
PROCESSOR_IDENTIFIER=Intel64 Family 6 Model 154 Stepping 4, GenuineIntel
TMP=C:\Users\andre\AppData\Local\Temp
TEMP=C:\Users\andre\AppData\Local\Temp




Periodic native trim disabled

---------------  S Y S T E M  ---------------

OS:
 Windows 11 , 64 bit Build 26100 (10.0.26100.7920)
OS uptime: 1 days 6:46 hours
Hyper-V role detected

CPU: total 12 (initial active 12) (6 cores per cpu, 2 threads per core) family 6 model 154 stepping 4 microcode 0x43b, cx8, cmov, fxsr, ht, mmx, 3dnowpref, sse, sse2, sse3, ssse3, sse4.1, sse4.2, popcnt, lzcnt, tsc, tscinvbit, avx, avx2, aes, erms, clmul, bmi1, bmi2, adx, sha, fma, vzeroupper, clflush, clflushopt, clwb, hv, serialize, rdtscp, rdpid, fsrm, f16c, cet_ibt, cet_ss
Processor Information for the first 12 processors :
  Max Mhz: 1300, Current Mhz: 1300, Mhz Limit: 1300

Memory: 4k page, system-wide physical 7876M (421M free)
TotalPageFile size 32452M (AvailPageFile size 92M)
current process WorkingSet (physical memory assigned to process): 210M, peak: 211M
current process commit charge ("private bytes"): 362M, peak: 363M

vm_info: OpenJDK 64-Bit Server VM (21.0.10+7-LTS) for windows-amd64 JRE (21.0.10+7-LTS), built on 2026-01-20T00:00:00Z by "admin" with MS VC++ 17.12 (VS2022)

END.
